[debug] [2026-02-02T12:41:23.531Z] > command requires scopes: ["email","openid","https://www.googleapis.com/auth/cloudplatformprojects.readonly","https://www.googleapis.com/auth/firebase","https://www.googleapis.com/auth/cloud-platform"]
[debug] [2026-02-02T12:41:23.532Z] > authorizing via signed-in user (yosefisabag@gmail.com)
[debug] [2026-02-02T12:41:23.533Z] Checked if tokens are valid: false, expires at: 1770018260110
[debug] [2026-02-02T12:41:23.533Z] Checked if tokens are valid: false, expires at: 1770018260110
[debug] [2026-02-02T12:41:23.533Z] > refreshing access token with scopes: []
[debug] [2026-02-02T12:41:23.533Z] >>> [apiv2][query] POST https://www.googleapis.com/oauth2/v3/token [none]
[debug] [2026-02-02T12:41:23.533Z] >>> [apiv2][body] POST https://www.googleapis.com/oauth2/v3/token [omitted]
[debug] [2026-02-02T12:41:23.544Z] > command requires scopes: ["email","openid","https://www.googleapis.com/auth/cloudplatformprojects.readonly","https://www.googleapis.com/auth/firebase","https://www.googleapis.com/auth/cloud-platform"]
[debug] [2026-02-02T12:41:23.545Z] > authorizing via signed-in user (yosefisabag@gmail.com)
[debug] [2026-02-02T12:41:23.545Z] Checked if tokens are valid: false, expires at: 1770018260110
[debug] [2026-02-02T12:41:23.545Z] Checked if tokens are valid: false, expires at: 1770018260110
[debug] [2026-02-02T12:41:23.545Z] > refreshing access token with scopes: []
[debug] [2026-02-02T12:41:23.545Z] >>> [apiv2][query] POST https://www.googleapis.com/oauth2/v3/token [none]
[debug] [2026-02-02T12:41:23.545Z] >>> [apiv2][body] POST https://www.googleapis.com/oauth2/v3/token [omitted]
[debug] [2026-02-02T12:41:23.868Z] <<< [apiv2][status] POST https://www.googleapis.com/oauth2/v3/token 200
[debug] [2026-02-02T12:41:23.868Z] <<< [apiv2][body] POST https://www.googleapis.com/oauth2/v3/token [omitted]
[debug] [2026-02-02T12:41:23.891Z] >>> [apiv2][query] GET https://cloudbilling.googleapis.com/v1/projects/autobay-saas-ds/billingInfo [none]
[debug] [2026-02-02T12:41:23.893Z] <<< [apiv2][status] POST https://www.googleapis.com/oauth2/v3/token 200
[debug] [2026-02-02T12:41:23.893Z] <<< [apiv2][body] POST https://www.googleapis.com/oauth2/v3/token [omitted]
[debug] [2026-02-02T12:41:23.901Z] >>> [apiv2][query] GET https://cloudbilling.googleapis.com/v1/projects/autobay-saas-ds/billingInfo [none]
[debug] [2026-02-02T12:41:24.586Z] <<< [apiv2][status] GET https://cloudbilling.googleapis.com/v1/projects/autobay-saas-ds/billingInfo 403
[debug] [2026-02-02T15:23:43.662Z] > command requires scopes: ["email","openid","https://www.googleapis.com/auth/cloudplatformprojects.readonly","https://www.googleapis.com/auth/firebase","https://www.googleapis.com/auth/cloud-platform"]
[debug] [2026-02-02T15:23:43.663Z] > authorizing via signed-in user (yosefisabag@gmail.com)
[debug] [2026-02-02T15:23:43.663Z] Checked if tokens are valid: false, expires at: 1770039682893
[debug] [2026-02-02T15:23:43.663Z] Checked if tokens are valid: false, expires at: 1770039682893
[debug] [2026-02-02T15:23:43.664Z] > refreshing access token with scopes: []
[debug] [2026-02-02T15:23:43.664Z] >>> [apiv2][query] POST https://www.googleapis.com/oauth2/v3/token [none]
[debug] [2026-02-02T15:23:43.664Z] >>> [apiv2][body] POST https://www.googleapis.com/oauth2/v3/token [omitted]
[debug] [2026-02-02T15:23:43.676Z] > command requires scopes: ["email","openid","https://www.googleapis.com/auth/cloudplatformprojects.readonly","https://www.googleapis.com/auth/firebase","https://www.googleapis.com/auth/cloud-platform"]
[debug] [2026-02-02T15:23:43.676Z] > authorizing via signed-in user (yosefisabag@gmail.com)
[debug] [2026-02-02T15:23:43.676Z] Checked if tokens are valid: false, expires at: 1770039682893
[debug] [2026-02-02T15:23:43.676Z] Checked if tokens are valid: false, expires at: 1770039682893
[debug] [2026-02-02T15:23:43.676Z] > refreshing access token with scopes: []
[debug] [2026-02-02T15:23:43.676Z] >>> [apiv2][query] POST https://www.googleapis.com/oauth2/v3/token [none]
[debug] [2026-02-02T15:23:43.676Z] >>> [apiv2][body] POST https://www.googleapis.com/oauth2/v3/token [omitted]
[debug] [2026-02-02T15:23:49.642Z] > command requires scopes: ["email","openid","https://www.googleapis.com/auth/cloudplatformprojects.readonly","https://www.googleapis.com/auth/firebase","https://www.googleapis.com/auth/cloud-platform"]
[debug] [2026-02-02T15:23:49.643Z] > authorizing via signed-in user (yosefisabag@gmail.com)
[debug] [2026-02-02T15:23:49.644Z] Checked if tokens are valid: false, expires at: 1770039682893
[debug] [2026-02-02T15:23:49.644Z] Checked if tokens are valid: false, expires at: 1770039682893
[debug] [2026-02-02T15:23:49.644Z] > refreshing access token with scopes: []
[debug] [2026-02-02T15:23:49.644Z] >>> [apiv2][query] POST https://www.googleapis.com/oauth2/v3/token [none]
[debug] [2026-02-02T15:23:49.645Z] >>> [apiv2][body] POST https://www.googleapis.com/oauth2/v3/token [omitted]
[debug] [2026-02-02T15:23:49.660Z] > command requires scopes: ["email","openid","https://www.googleapis.com/auth/cloudplatformprojects.readonly","https://www.googleapis.com/auth/firebase","https://www.googleapis.com/auth/cloud-platform"]
[debug] [2026-02-02T15:23:49.660Z] > authorizing via signed-in user (yosefisabag@gmail.com)
[debug] [2026-02-02T15:23:49.660Z] Checked if tokens are valid: false, expires at: 1770039682893
[debug] [2026-02-02T15:23:49.660Z] Checked if tokens are valid: false, expires at: 1770039682893
[debug] [2026-02-02T15:23:49.660Z] > refreshing access token with scopes: []
[debug] [2026-02-02T15:23:49.660Z] >>> [apiv2][query] POST https://www.googleapis.com/oauth2/v3/token [none]
[debug] [2026-02-02T15:23:49.660Z] >>> [apiv2][body] POST https://www.googleapis.com/oauth2/v3/token [omitted]
[debug] [2026-02-02T15:23:49.814Z] <<< [apiv2][status] POST https://www.googleapis.com/oauth2/v3/token 200
[debug] [2026-02-02T15:23:49.814Z] <<< [apiv2][body] POST https://www.googleapis.com/oauth2/v3/token [omitted]
[debug] [2026-02-02T15:23:49.831Z] >>> [apiv2][query] GET https://cloudbilling.googleapis.com/v1/projects/autobay-saas-ds/billingInfo [none]
[debug] [2026-02-02T15:23:49.833Z] <<< [apiv2][status] POST https://www.googleapis.com/oauth2/v3/token 200
[debug] [2026-02-02T15:23:49.833Z] <<< [apiv2][body] POST https://www.googleapis.com/oauth2/v3/token [omitted]
[debug] [2026-02-02T15:23:49.843Z] >>> [apiv2][query] GET https://cloudbilling.googleapis.com/v1/projects/autobay-saas-ds/billingInfo [none]
[debug] [2026-02-02T15:23:50.271Z] <<< [apiv2][status] GET https://cloudbilling.googleapis.com/v1/projects/autobay-saas-ds/billingInfo 403
[debug] [2026-02-02T15:23:50.271Z] <<< [apiv2][body] GET https://cloudbilling.googleapis.com/v1/projects/autobay-saas-ds/billingInfo {"error":{"code":403,"message":"The caller does not have permission","status":"PERMISSION_DENIED"}}
[debug] [2026-02-02T15:23:50.778Z] <<< [apiv2][status] GET https://cloudbilling.googleapis.com/v1/projects/autobay-saas-ds/billingInfo 403
[debug] [2026-02-04T21:20:54.753Z] > command requires scopes: ["email","openid","https://www.googleapis.com/auth/cloudplatformprojects.readonly","https://www.googleapis.com/auth/firebase","https://www.googleapis.com/auth/cloud-platform"]
[debug] [2026-02-04T21:20:54.754Z] > authorizing via signed-in user (yosefisabag@gmail.com)
[debug] [2026-02-04T21:20:54.755Z] Checked if tokens are valid: true, expires at: 1770243519142
[debug] [2026-02-04T21:20:54.755Z] Checked if tokens are valid: true, expires at: 1770243519142
[debug] [2026-02-04T21:20:54.755Z] > command requires scopes: ["email","openid","https://www.googleapis.com/auth/cloudplatformprojects.readonly","https://www.googleapis.com/auth/firebase","https://www.googleapis.com/auth/cloud-platform"]
[debug] [2026-02-04T21:20:54.755Z] > authorizing via signed-in user (yosefisabag@gmail.com)
[debug] [2026-02-04T21:20:54.755Z] Checked if tokens are valid: true, expires at: 1770243519142
[debug] [2026-02-04T21:20:54.755Z] Checked if tokens are valid: true, expires at: 1770243519142
[debug] [2026-02-04T21:20:54.756Z] >>> [apiv2][query] GET https://cloudbilling.googleapis.com/v1/projects/autobay-saas-ds/billingInfo [none]
[debug] [2026-02-04T21:20:54.776Z] >>> [apiv2][query] GET https://cloudbilling.googleapis.com/v1/projects/autobay-saas-ds/billingInfo [none]
[debug] [2026-02-04T21:20:55.309Z] <<< [apiv2][status] GET https://cloudbilling.googleapis.com/v1/projects/autobay-saas-ds/billingInfo 403
[debug] [2026-02-04T21:20:55.310Z] <<< [apiv2][body] GET https://cloudbilling.googleapis.com/v1/projects/autobay-saas-ds/billingInfo {"error":{"code":403,"message":"The caller does not have permission","status":"PERMISSION_DENIED"}}
[debug] [2026-02-04T21:20:55.696Z] <<< [apiv2][status] GET https://cloudbilling.googleapis.com/v1/projects/autobay-saas-ds/billingInfo 403
